Arguments: 
  /home/eae966/.nvm/versions/node/v18.15.0/bin/node /home/eae966/.yarn/bin/yarn.js init

PATH: 
  /home/eae966/.gvm/pkgsets/go1.19.7/global/bin:/home/eae966/.gvm/gos/go1.19.7/bin:/home/eae966/.gvm/pkgsets/go1.19.7/global/overlay/bin:/home/eae966/.gvm/bin:/home/eae966/.gvm/bin:/home/eae966/.yarn/bin:/home/eae966/.config/yarn/global/node_modules/.bin:/home/eae966/.local/share/pnpm:/home/eae966/.gvm/pkgsets/go1.19.7/global/bin:/home/eae966/.gvm/gos/go1.19.7/bin:/home/eae966/.gvm/pkgsets/go1.19.7/global/overlay/bin:/home/eae966/.gvm/bin:/home/eae966/.gvm/bin:/home/eae966/.nvm/versions/node/v18.15.0/bin:/home/eae966/.yarn/bin:/home/eae966/.config/yarn/global/node_modules/.bin:/usr/lib64/ccache:/usr/local/bin:/usr/bin:/bin:/usr/local/sbin:/usr/sbin:/sbin:/var/lib/snapd/snap/bin:/home/eae966/.local/bin:/home/eae966/bin

Yarn version: 
  1.22.19

Node version: 
  18.15.0

Platform: 
  linux x64

Trace: 
  Error: canceled
      at Interface.<anonymous> (/home/eae966/.yarn/lib/cli.js:137150:13)
      at Interface.emit (node:events:513:28)
      at [_ttyWrite] [as _ttyWrite] (node:internal/readline/interface:1131:18)
      at ReadStream.onkeypress (node:internal/readline/interface:270:20)
      at ReadStream.emit (node:events:513:28)
      at emitKeys (node:internal/readline/utils:357:14)
      at emitKeys.next (<anonymous>)
      at ReadStream.onData (node:internal/readline/emitKeypressEvents:64:36)
      at ReadStream.emit (node:events:513:28)
      at addChunk (node:internal/streams/readable:324:12)

npm manifest: 
  {
    "devDependencies": {
      "hardhat": "^2.17.1"
    }
  }

yarn manifest: 
  No manifest

Lockfile: 
  No lockfile
