Arguments: 
  /home/eae966/.nvm/versions/node/v18.15.0/bin/node /home/eae966/.yarn/bin/yarn.js clean

PATH: 
  /home/eae966/.gvm/pkgsets/go1.19.7/global/bin:/home/eae966/.gvm/gos/go1.19.7/bin:/home/eae966/.gvm/pkgsets/go1.19.7/global/overlay/bin:/home/eae966/.gvm/bin:/home/eae966/.gvm/bin:/home/eae966/.yarn/bin:/home/eae966/.config/yarn/global/node_modules/.bin:/home/eae966/.local/share/pnpm:/home/eae966/.gvm/pkgsets/go1.19.7/global/bin:/home/eae966/.gvm/gos/go1.19.7/bin:/home/eae966/.gvm/pkgsets/go1.19.7/global/overlay/bin:/home/eae966/.gvm/bin:/home/eae966/.gvm/bin:/home/eae966/.nvm/versions/node/v18.15.0/bin:/home/eae966/.yarn/bin:/home/eae966/.config/yarn/global/node_modules/.bin:/usr/lib64/ccache:/usr/local/bin:/usr/bin:/bin:/usr/local/sbin:/usr/sbin:/sbin:/var/lib/snapd/snap/bin:/home/eae966/.local/bin:/home/eae966/bin

Yarn version: 
  1.22.19

Node version: 
  18.15.0

Platform: 
  linux x64

Trace: 
  SyntaxError: /home3/ProductionBlockchainWorkSpace/BlockChain/PLGChain/Contract/Plinga-Contract-V1/projects/Plinga-Tokens/package.json: Unexpected token } in JSON at position 1571
      at JSON.parse (<anonymous>)
      at /home/eae966/.yarn/lib/cli.js:1629:59
      at Generator.next (<anonymous>)
      at step (/home/eae966/.yarn/lib/cli.js:310:30)
      at /home/eae966/.yarn/lib/cli.js:321:13

npm manifest: 
  {
    "name": "plinga-tokens",
    "publishConfig": {
      "access": "public"
    },
    "version": "1.0.0",
    "description": "",
    "scripts": {
      "compile": "hardhat compile",
      "test": "hardhat test"
    },
    "author": "",
    "license": "ISC",
    "devDependencies": {
      "@nomicfoundation/hardhat-chai-matchers": "^2.0.2",
      "@nomicfoundation/hardhat-ethers": "^3.0.4",
      "@nomicfoundation/hardhat-network-helpers": "^1.0.8",
      "@nomicfoundation/hardhat-toolbox": "^3.0.0",
      "@nomicfoundation/hardhat-verify": "^1.1.1",
      "@nomiclabs/hardhat-ethers": "^2.2.3",
      "@nomiclabs/hardhat-etherscan": "^3.1.7",
      "@nomiclabs/hardhat-waffle": "^2.0.6",
      "@openzeppelin/hardhat-upgrades": "^2.2.1",
      "@typechain/ethers-v6": "^0.4.3",
      "@types/chai": "^4.3.5",
      "@types/mocha": "^10.0.1",
      "chai": "^4.3.8",
      "decimal.js": "^10.4.3",
      "ethereum-waffle": "^4.0.10",
      "ethers": "^5.7.2",
      "hardhat": "^2.17.1",
      "hardhat-gas-reporter": "^1.0.9",
      "hardhat-typechain": "^0.3.5",
      "hardhat-watcher": "^2.5.0",
      "prettier": "^3.0.2",
      "prettier-plugin-solidity": "^1.1.3",
      "solhint": "^3.6.2",
      "solhint-plugin-prettier": "^0.0.5",
      "solidity-coverage": "^0.8.4",
      "ts-generator": "^0.1.1",
      "ts-node": "^10.9.1",
      "typechain": "^8.3.1",
      "typescript": "^5.2.2"
    },
    "dependencies": {
      "@ericxstone/hardhat-blockscout-verify": "^1.0.2",
      "@nomiclabs/hardhat-etherscan": "^3.1.7",
      "@openzeppelin/contracts": "^4.9.3",
      "@openzeppelin/contracts-upgradeable": "^4.9.3",
      "base64-sol": "^1.1.0",
    }
  }

yarn manifest: 
  No manifest

Lockfile: 
  No lockfile
